{"level":"\u001b[32minfo\u001b[39m","message":"Hello logger installed","timestamp":"2025-07-26T19:52:29.065Z"}
{"level":"\u001b[32minfo\u001b[39m","message":"Hello logger installed","timestamp":"2025-07-26T19:52:56.951Z"}
{"level":"\u001b[33mwarn\u001b[39m","message":"","timestamp":"2025-07-26T19:52:56.954Z"}
{"level":"\u001b[32minfo\u001b[39m","message":"Hello logger installed","timestamp":"2025-07-26T19:52:59.581Z"}
{"level":"\u001b[33mwarn\u001b[39m","message":"Bitch ","timestamp":"2025-07-26T19:52:59.584Z"}
{"level":"\u001b[32minfo\u001b[39m","message":"Hello logger installed","timestamp":"2025-07-26T19:53:07.402Z"}
{"level":"\u001b[33mwarn\u001b[39m","message":"Bitch started ","timestamp":"2025-07-26T19:53:07.405Z"}
{"level":"\u001b[32minfo\u001b[39m","message":"Hello logger installed","timestamp":"2025-07-26T19:53:24.203Z"}
{"level":"\u001b[32minfo\u001b[39m","message":"Hello logger installed","timestamp":"2025-07-26T19:53:27.544Z"}
{"level":"\u001b[31merror\u001b[39m","message":"Here","timestamp":"2025-07-26T19:53:27.551Z"}
{"level":"\u001b[32minfo\u001b[39m","message":"Hello logger installed","timestamp":"2025-07-26T19:53:33.684Z"}
{"level":"\u001b[32minfo\u001b[39m","message":"Hello logger installed","timestamp":"2025-07-26T20:02:42.932Z"}
{"level":"\u001b[32minfo\u001b[39m","message":"Hello logger installed","timestamp":"2025-07-26T20:02:59.075Z"}
{"level":"\u001b[32minfo\u001b[39m","message":"Hello logger installed","timestamp":"2025-07-26T20:03:09.480Z"}
{"level":"\u001b[32minfo\u001b[39m","message":"Hello logger installed","timestamp":"2025-07-26T20:06:29.564Z"}
{"level":"\u001b[32minfo\u001b[39m","message":"Hello logger installed","timestamp":"2025-07-26T20:06:44.052Z"}
{"level":"\u001b[32minfo\u001b[39m","message":"Hello logger installed","timestamp":"2025-07-26T20:06:55.510Z"}
{"level":"\u001b[32minfo\u001b[39m","message":"Hello logger installed","timestamp":"2025-07-26T20:07:33.894Z"}
{"level":"\u001b[32minfo\u001b[39m","message":"Hello logger installed","timestamp":"2025-07-26T20:07:36.663Z"}
{"level":"\u001b[32minfo\u001b[39m","message":"Hello logger installed","timestamp":"2025-07-26T20:07:40.417Z"}
{"level":"\u001b[32minfo\u001b[39m","message":"Hello logger installed","timestamp":"2025-07-26T20:07:48.868Z"}
{"level":"\u001b[32minfo\u001b[39m","message":"Hello logger installed","timestamp":"2025-07-26T20:07:53.493Z"}
{"level":"\u001b[32minfo\u001b[39m","message":"Hello logger installed","timestamp":"2025-07-26T20:07:57.537Z"}
{"level":"\u001b[32minfo\u001b[39m","message":"Hello logger installed","timestamp":"2025-07-26T20:08:03.367Z"}
{"level":"\u001b[32minfo\u001b[39m","message":"Hello logger installed","timestamp":"2025-07-26T20:08:12.705Z"}
{"level":"\u001b[32minfo\u001b[39m","message":"Hello logger installed","timestamp":"2025-07-26T20:08:32.277Z"}
{"level":"\u001b[32minfo\u001b[39m","message":"Hello logger installed","timestamp":"2025-07-26T20:09:17.844Z"}
{"level":"\u001b[32minfo\u001b[39m","message":"Hello logger installed","timestamp":"2025-07-26T20:09:19.968Z"}
{"level":"\u001b[32minfo\u001b[39m","message":"Hello logger installed","timestamp":"2025-07-26T20:09:21.888Z"}
{"level":"\u001b[32minfo\u001b[39m","message":"Hello logger installed","timestamp":"2025-07-26T20:11:51.923Z"}
{"level":"\u001b[32minfo\u001b[39m","message":"Hello logger installed","timestamp":"2025-07-26T20:12:14.460Z"}
{"level":"\u001b[32minfo\u001b[39m","message":"Hello logger installed","timestamp":"2025-07-26T20:12:34.002Z"}
{"level":"\u001b[32minfo\u001b[39m","message":"Hello logger installed","timestamp":"2025-07-26T20:12:44.524Z"}
{"level":"\u001b[32minfo\u001b[39m","message":"{\"method\":\"POST\",\"url\":\"/api/v1/users\",\"status\":\"404\",\"responseTime\":\"4.400\"}","timestamp":"2025-07-31T20:12:13.399Z"}
{"level":"\u001b[32minfo\u001b[39m","message":"{\"method\":\"POST\",\"url\":\"/api/v1/register\",\"status\":\"404\",\"responseTime\":\"0.903\"}","timestamp":"2025-07-31T20:12:43.975Z"}
{"level":"\u001b[32minfo\u001b[39m","message":"{\"method\":\"POST\",\"url\":\"/api/v1/register\",\"status\":\"404\",\"responseTime\":\"0.295\"}","timestamp":"2025-07-31T20:13:15.294Z"}
{"level":"\u001b[32minfo\u001b[39m","message":"{\"method\":\"GET\",\"url\":\"/api/v1/users/update-account\",\"status\":\"404\",\"responseTime\":\"12.971\"}","timestamp":"2025-08-06T20:45:40.721Z"}
{"level":"\u001b[32minfo\u001b[39m","message":"{\"method\":\"GET\",\"url\":\"/api/v1/users/update-account\",\"status\":\"404\",\"responseTime\":\"0.233\"}","timestamp":"2025-08-06T20:46:13.893Z"}
{"level":"\u001b[32minfo\u001b[39m","message":"{\"method\":\"GET\",\"url\":\"/api/v1/users/histroy\",\"status\":\"404\",\"responseTime\":\"2.295\"}","timestamp":"2025-08-06T20:55:55.688Z"}
{"level":"\u001b[32minfo\u001b[39m","message":"{\"method\":\"GET\",\"url\":\"/api/v1/users/histroy\",\"status\":\"404\",\"responseTime\":\"0.249\"}","timestamp":"2025-08-06T20:56:33.121Z"}
